n_frames=60
*******************************    frame 0 and 5  (1/12)     *****************************
########    start to calc 1th cluster. cluster_unique=[0], label 0 num: 13024    ########
iteration:  1 / 4
could not find R : 9
most fitted inlier T`s num: 8094
iteration:  2 / 4
could not find R : 9
iteration:  3 / 4
could not find R : 9
iteration:  4 / 4
could not find R : 9
クラスタラベル: [0 0 0 ... 2 2 2]
spatial label unique: [0 1 2 3 4 5 6 7 8]
1`s n_inlier=8094
T=
[[ 1. -0.  0.  0.]
 [ 0.  1.  0.  0.]
 [ 0. -0.  1. -0.]
 [ 0.  0.  0.  1.]]
########    start to calc 2th cluster. cluster_unique=[0 1 2 3 4 5 6 7 8 9], label 0 num: 4930    ########
iteration:  1 / 4
could not find R : 12
most fitted inlier T`s num: 4930
iteration:  2 / 4
could not find R : 12
iteration:  3 / 4
could not find R : 12
iteration:  4 / 4
could not find R : 12
クラスタラベル: [0 0 0 ... 0 0 0]
spatial label unique: [0]
10`s n_inlier=4930
T=
[[ 0.9063  0.4226 -0.      0.0021]
 [-0.4226  0.9063 -0.      0.0021]
 [ 0.      0.      1.      0.    ]
 [ 0.      0.      0.      1.    ]]
The number of label 0 is smaller than sample size.

RANSAC finished
label unique: [ 1  2  3  4  5  6  7  8  9 10]
labels` inlier num: [   0. 8094. 4930.]

colors = 
[[1.  0.  0. ]
 [1.  0.6 0. ]
 [0.8 1.  0. ]
 [0.2 1.  0. ]
 [0.  1.  0.4]
 [0.  1.  1. ]
 [0.  0.4 1. ]
 [0.2 0.  1. ]
 [0.8 0.  1. ]
 [1.  0.  0.6]]
(60, 13024, 7)
fin
*******************************    frame 5 and 10  (2/12)     *****************************
########    start to calc 1th cluster. cluster_unique=[0], label 0 num: 13024    ########
iteration:  1 / 4
could not find R : 15
most fitted inlier T`s num: 8094
iteration:  2 / 4
could not find R : 15
iteration:  3 / 4
could not find R : 15
iteration:  4 / 4
could not find R : 15
クラスタラベル: [0 0 0 ... 2 2 2]
spatial label unique: [0 1 2 3 4 5 6 7 8]
1`s n_inlier=8094
T=
[[ 1. -0.  0.  0.]
 [ 0.  1.  0.  0.]
 [ 0. -0.  1. -0.]
 [ 0.  0.  0.  1.]]
########    start to calc 2th cluster. cluster_unique=[0 1 2 3 4 5 6 7 8 9], label 0 num: 4930    ########
iteration:  1 / 4
could not find R : 9
most fitted inlier T`s num: 4930
iteration:  2 / 4
could not find R : 9
iteration:  3 / 4
could not find R : 9
iteration:  4 / 4
could not find R : 9
クラスタラベル: [0 0 0 ... 0 0 0]
spatial label unique: [0]
10`s n_inlier=4930
T=
[[ 0.9063  0.4226 -0.      0.0021]
 [-0.4226  0.9063 -0.      0.0021]
 [ 0.      0.      1.      0.    ]
 [ 0.      0.      0.      1.    ]]
The number of label 0 is smaller than sample size.

RANSAC finished
label unique: [ 1  2  3  4  5  6  7  8  9 10]
labels` inlier num: [   0. 8094. 4930.]

(60, 13024, 7)
fin
*******************************    frame 10 and 15  (3/12)     *****************************
########    start to calc 1th cluster. cluster_unique=[0], label 0 num: 13024    ########
iteration:  1 / 4
could not find R : 10
most fitted inlier T`s num: 8094
iteration:  2 / 4
could not find R : 10
iteration:  3 / 4
could not find R : 10
iteration:  4 / 4
could not find R : 10
クラスタラベル: [0 0 0 ... 2 2 2]
spatial label unique: [0 1 2 3 4 5 6 7 8]
1`s n_inlier=8094
T=
[[ 1. -0.  0.  0.]
 [ 0.  1.  0.  0.]
 [ 0. -0.  1. -0.]
 [ 0.  0.  0.  1.]]
########    start to calc 2th cluster. cluster_unique=[0 1 2 3 4 5 6 7 8 9], label 0 num: 4930    ########
iteration:  1 / 4
could not find R : 9
most fitted inlier T`s num: 4930
iteration:  2 / 4
could not find R : 9
iteration:  3 / 4
could not find R : 9
iteration:  4 / 4
could not find R : 9
クラスタラベル: [0 0 0 ... 0 0 0]
spatial label unique: [0]
10`s n_inlier=4930
T=
[[ 0.9063  0.4226  0.      0.0021]
 [-0.4226  0.9063 -0.      0.0021]
 [-0.      0.      1.      0.    ]
 [ 0.      0.      0.      1.    ]]
The number of label 0 is smaller than sample size.

RANSAC finished
label unique: [ 1  2  3  4  5  6  7  8  9 10]
labels` inlier num: [   0. 8094. 4930.]

(60, 13024, 7)
fin
*******************************    frame 15 and 20  (4/12)     *****************************
########    start to calc 1th cluster. cluster_unique=[0], label 0 num: 13024    ########
iteration:  1 / 4
could not find R : 15
most fitted inlier T`s num: 8094
iteration:  2 / 4
could not find R : 15
iteration:  3 / 4
could not find R : 15
iteration:  4 / 4
could not find R : 15
クラスタラベル: [0 0 0 ... 2 2 2]
spatial label unique: [0 1 2 3 4 5 6 7 8]
1`s n_inlier=8094
T=
[[ 1. -0.  0.  0.]
 [ 0.  1.  0.  0.]
 [ 0. -0.  1. -0.]
 [ 0.  0.  0.  1.]]
########    start to calc 2th cluster. cluster_unique=[0 1 2 3 4 5 6 7 8 9], label 0 num: 4930    ########
iteration:  1 / 4
could not find R : 12
most fitted inlier T`s num: 4930
iteration:  2 / 4
could not find R : 12
iteration:  3 / 4
could not find R : 12
iteration:  4 / 4
could not find R : 12
クラスタラベル: [0 0 0 ... 0 0 0]
spatial label unique: [0]
10`s n_inlier=4930
T=
[[ 0.9063  0.4226 -0.      0.0021]
 [-0.4226  0.9063 -0.      0.0021]
 [ 0.      0.      1.      0.    ]
 [ 0.      0.      0.      1.    ]]
The number of label 0 is smaller than sample size.

RANSAC finished
label unique: [ 1  2  3  4  5  6  7  8  9 10]
labels` inlier num: [   0. 8094. 4930.]

(60, 13024, 7)
fin
*******************************    frame 20 and 25  (5/12)     *****************************
########    start to calc 1th cluster. cluster_unique=[0], label 0 num: 13024    ########
iteration:  1 / 4
could not find R : 14
most fitted inlier T`s num: 8094
iteration:  2 / 4
could not find R : 14
iteration:  3 / 4
could not find R : 14
iteration:  4 / 4
could not find R : 14
クラスタラベル: [0 0 0 ... 2 2 2]
spatial label unique: [0 1 2 3 4 5 6 7 8]
1`s n_inlier=8094
T=
[[ 1. -0.  0.  0.]
 [ 0.  1.  0.  0.]
 [ 0. -0.  1. -0.]
 [ 0.  0.  0.  1.]]
########    start to calc 2th cluster. cluster_unique=[0 1 2 3 4 5 6 7 8 9], label 0 num: 4930    ########
iteration:  1 / 4
could not find R : 11
most fitted inlier T`s num: 4930
iteration:  2 / 4
could not find R : 11
iteration:  3 / 4
could not find R : 11
iteration:  4 / 4
could not find R : 11
クラスタラベル: [0 0 0 ... 0 0 0]
spatial label unique: [0]
10`s n_inlier=4930
T=
[[ 0.9063  0.4226  0.      0.0021]
 [-0.4226  0.9063 -0.      0.0021]
 [-0.     -0.      1.      0.    ]
 [ 0.      0.      0.      1.    ]]
The number of label 0 is smaller than sample size.

RANSAC finished
label unique: [ 1  2  3  4  5  6  7  8  9 10]
labels` inlier num: [   0. 8094. 4930.]

(60, 13024, 7)
fin
*******************************    frame 25 and 30  (6/12)     *****************************
########    start to calc 1th cluster. cluster_unique=[0], label 0 num: 13024    ########
iteration:  1 / 4
could not find R : 14
most fitted inlier T`s num: 8094
iteration:  2 / 4
could not find R : 14
iteration:  3 / 4
could not find R : 14
iteration:  4 / 4
could not find R : 14
クラスタラベル: [0 0 0 ... 2 2 2]
spatial label unique: [0 1 2 3 4 5 6 7 8]
1`s n_inlier=8094
T=
[[ 1. -0.  0.  0.]
 [ 0.  1.  0.  0.]
 [ 0. -0.  1. -0.]
 [ 0.  0.  0.  1.]]
########    start to calc 2th cluster. cluster_unique=[0 1 2 3 4 5 6 7 8 9], label 0 num: 4930    ########
iteration:  1 / 4
could not find R : 9
most fitted inlier T`s num: 4930
iteration:  2 / 4
could not find R : 9
iteration:  3 / 4
could not find R : 9
iteration:  4 / 4
could not find R : 9
クラスタラベル: [0 0 0 ... 0 0 0]
spatial label unique: [0]
10`s n_inlier=4930
T=
[[ 0.9063  0.4226 -0.      0.0021]
 [-0.4226  0.9063  0.      0.0021]
 [ 0.     -0.      1.      0.    ]
 [ 0.      0.      0.      1.    ]]
The number of label 0 is smaller than sample size.

RANSAC finished
label unique: [ 1  2  3  4  5  6  7  8  9 10]
labels` inlier num: [   0. 8094. 4930.]

(60, 13024, 7)
fin
*******************************    frame 30 and 35  (7/12)     *****************************
########    start to calc 1th cluster. cluster_unique=[0], label 0 num: 13024    ########
iteration:  1 / 4
could not find R : 9
most fitted inlier T`s num: 8094
iteration:  2 / 4
could not find R : 9
iteration:  3 / 4
could not find R : 9
iteration:  4 / 4
could not find R : 9
クラスタラベル: [0 0 0 ... 2 2 2]
spatial label unique: [0 1 2 3 4 5 6 7 8]
1`s n_inlier=8094
T=
[[ 1. -0.  0.  0.]
 [ 0.  1.  0.  0.]
 [ 0. -0.  1. -0.]
 [ 0.  0.  0.  1.]]
########    start to calc 2th cluster. cluster_unique=[0 1 2 3 4 5 6 7 8 9], label 0 num: 4930    ########
iteration:  1 / 4
could not find R : 13
most fitted inlier T`s num: 4930
iteration:  2 / 4
could not find R : 13
iteration:  3 / 4
could not find R : 13
iteration:  4 / 4
could not find R : 13
クラスタラベル: [0 0 0 ... 0 0 0]
spatial label unique: [0]
10`s n_inlier=4930
T=
[[ 0.9063  0.4226  0.      0.0021]
 [-0.4226  0.9063 -0.      0.0021]
 [-0.      0.      1.      0.    ]
 [ 0.      0.      0.      1.    ]]
The number of label 0 is smaller than sample size.

RANSAC finished
label unique: [ 1  2  3  4  5  6  7  8  9 10]
labels` inlier num: [   0. 8094. 4930.]

(60, 13024, 7)
fin
*******************************    frame 35 and 40  (8/12)     *****************************
########    start to calc 1th cluster. cluster_unique=[0], label 0 num: 13024    ########
iteration:  1 / 4
could not find R : 14
most fitted inlier T`s num: 8094
iteration:  2 / 4
could not find R : 14
iteration:  3 / 4
could not find R : 14
iteration:  4 / 4
could not find R : 14
クラスタラベル: [0 0 0 ... 2 2 2]
spatial label unique: [0 1 2 3 4 5 6 7 8]
1`s n_inlier=8094
T=
[[ 1. -0.  0.  0.]
 [ 0.  1.  0.  0.]
 [ 0. -0.  1. -0.]
 [ 0.  0.  0.  1.]]
########    start to calc 2th cluster. cluster_unique=[0 1 2 3 4 5 6 7 8 9], label 0 num: 4930    ########
iteration:  1 / 4
could not find R : 8
most fitted inlier T`s num: 4930
iteration:  2 / 4
could not find R : 8
iteration:  3 / 4
could not find R : 8
iteration:  4 / 4
could not find R : 8
クラスタラベル: [0 0 0 ... 0 0 0]
spatial label unique: [0]
10`s n_inlier=4930
T=
[[ 0.9063  0.4226  0.      0.0021]
 [-0.4226  0.9063 -0.      0.0021]
 [ 0.     -0.      1.      0.    ]
 [ 0.      0.      0.      1.    ]]
The number of label 0 is smaller than sample size.

RANSAC finished
label unique: [ 1  2  3  4  5  6  7  8  9 10]
labels` inlier num: [   0. 8094. 4930.]

(60, 13024, 7)
fin
*******************************    frame 40 and 45  (9/12)     *****************************
########    start to calc 1th cluster. cluster_unique=[0], label 0 num: 13024    ########
iteration:  1 / 4
could not find R : 12
most fitted inlier T`s num: 8094
iteration:  2 / 4
could not find R : 12
iteration:  3 / 4
could not find R : 12
iteration:  4 / 4
could not find R : 12
クラスタラベル: [0 0 0 ... 2 2 2]
spatial label unique: [0 1 2 3 4 5 6 7 8]
1`s n_inlier=8094
T=
[[ 1. -0.  0.  0.]
 [ 0.  1.  0.  0.]
 [ 0. -0.  1. -0.]
 [ 0.  0.  0.  1.]]
########    start to calc 2th cluster. cluster_unique=[0 1 2 3 4 5 6 7 8 9], label 0 num: 4930    ########
iteration:  1 / 4
could not find R : 11
most fitted inlier T`s num: 4930
iteration:  2 / 4
could not find R : 11
iteration:  3 / 4
could not find R : 11
iteration:  4 / 4
could not find R : 11
クラスタラベル: [0 0 0 ... 0 0 0]
spatial label unique: [0]
10`s n_inlier=4930
T=
[[ 0.9063  0.4226 -0.      0.0021]
 [-0.4226  0.9063  0.      0.0021]
 [ 0.      0.      1.      0.    ]
 [ 0.      0.      0.      1.    ]]
The number of label 0 is smaller than sample size.

RANSAC finished
label unique: [ 1  2  3  4  5  6  7  8  9 10]
labels` inlier num: [   0. 8094. 4930.]

(60, 13024, 7)
fin
*******************************    frame 45 and 50  (10/12)     *****************************
########    start to calc 1th cluster. cluster_unique=[0], label 0 num: 13024    ########
iteration:  1 / 4
could not find R : 14
most fitted inlier T`s num: 8094
iteration:  2 / 4
could not find R : 14
iteration:  3 / 4
could not find R : 14
iteration:  4 / 4
could not find R : 14
クラスタラベル: [0 0 0 ... 2 2 2]
spatial label unique: [0 1 2 3 4 5 6 7 8]
1`s n_inlier=8094
T=
[[ 1. -0.  0.  0.]
 [ 0.  1.  0.  0.]
 [ 0. -0.  1. -0.]
 [ 0.  0.  0.  1.]]
########    start to calc 2th cluster. cluster_unique=[0 1 2 3 4 5 6 7 8 9], label 0 num: 4930    ########
iteration:  1 / 4
could not find R : 9
most fitted inlier T`s num: 4930
iteration:  2 / 4
could not find R : 9
iteration:  3 / 4
could not find R : 9
iteration:  4 / 4
could not find R : 9
クラスタラベル: [0 0 0 ... 0 0 0]
spatial label unique: [0]
10`s n_inlier=4930
T=
[[ 0.9063  0.4226 -0.      0.0021]
 [-0.4226  0.9063 -0.      0.0021]
 [-0.      0.      1.      0.    ]
 [ 0.      0.      0.      1.    ]]
The number of label 0 is smaller than sample size.

RANSAC finished
label unique: [ 1  2  3  4  5  6  7  8  9 10]
labels` inlier num: [   0. 8094. 4930.]

(60, 13024, 7)
fin
*******************************    frame 50 and 55  (11/12)     *****************************
########    start to calc 1th cluster. cluster_unique=[0], label 0 num: 13024    ########
iteration:  1 / 4
could not find R : 15
most fitted inlier T`s num: 8094
iteration:  2 / 4
could not find R : 15
iteration:  3 / 4
could not find R : 15
iteration:  4 / 4
could not find R : 15
クラスタラベル: [0 0 0 ... 2 2 2]
spatial label unique: [0 1 2 3 4 5 6 7 8]
1`s n_inlier=8094
T=
[[ 1. -0.  0.  0.]
 [ 0.  1.  0.  0.]
 [ 0. -0.  1. -0.]
 [ 0.  0.  0.  1.]]
########    start to calc 2th cluster. cluster_unique=[0 1 2 3 4 5 6 7 8 9], label 0 num: 4930    ########
iteration:  1 / 4
could not find R : 10
most fitted inlier T`s num: 4930
iteration:  2 / 4
could not find R : 10
iteration:  3 / 4
could not find R : 10
iteration:  4 / 4
could not find R : 10
クラスタラベル: [0 0 0 ... 0 0 0]
spatial label unique: [0]
10`s n_inlier=4930
T=
[[ 0.9063  0.4226 -0.      0.0021]
 [-0.4226  0.9063 -0.      0.0021]
 [-0.      0.      1.      0.    ]
 [ 0.      0.      0.      1.    ]]
The number of label 0 is smaller than sample size.

RANSAC finished
label unique: [ 1  2  3  4  5  6  7  8  9 10]
labels` inlier num: [   0. 8094. 4930.]

(60, 13024, 7)
fin
time : 834.4418787956238
